\BOOKMARK [0][-]{chapter.1}{\376\377\000W\000p\000r\000o\000w\000a\000d\000z\000e\000n\000i\000e}{}% 1
\BOOKMARK [1][-]{section.1.1}{\376\377\000G\000e\000n\000e\000z\000a\000\040\000p\000r\000o\000j\000e\000k\000t\000u}{chapter.1}% 2
\BOOKMARK [1][-]{section.1.2}{\376\377\000C\000e\000l\000\040\000p\000r\000o\000j\000e\000k\000t\000u}{chapter.1}% 3
\BOOKMARK [1][-]{section.1.3}{\376\377\000Z\000a\000k\000r\000e\000s\000\040\000p\000r\000a\000c\000y}{chapter.1}% 4
\BOOKMARK [0][-]{chapter.2}{\376\377\000S\000t\000a\000n\000\040\000w\000i\000e\000d\000z\000y\000\040\000w\000\040\000z\000a\000k\000r\000e\000s\000i\000e\000\040\000t\000e\000m\000a\000t\000y\000k\000i\000\040\000p\000r\000a\000c\000y}{}% 5
\BOOKMARK [1][-]{section.2.1}{\376\377\000I\000s\000t\000n\000i\000e\000j\001\005\000c\000e\000\040\000r\000o\000z\000w\000i\001\005\000z\000a\000n\000i\000a}{chapter.2}% 6
\BOOKMARK [1][-]{section.2.2}{\376\377\000P\000o\000r\000\363\000w\000n\000i\000a\000n\000i\000e\000\040\000p\000r\000o\000j\000e\000k\000t\000u\000\040\000z\000\040\000i\000s\000t\000n\000i\000e\000j\001\005\000c\000y\000m\000i\000\040\000r\000o\000z\000w\000i\001\005\000z\000a\000n\000i\000a\000m\000i}{chapter.2}% 7
\BOOKMARK [0][-]{chapter.3}{\376\377\000S\000y\000s\000t\000e\000m\000\040\000r\000o\000z\000p\000o\000z\000n\000a\000w\000a\000n\000i\000a\000\040\000e\000m\000o\000c\000j\000i\000\040\000z\000\040\000g\001\102\000o\000s\000u}{}% 8
\BOOKMARK [1][-]{section.3.1}{\376\377\000O\000g\000\363\000l\000n\000y\000\040\000p\000r\000o\000c\000e\000s\000\040\000r\000o\000z\000p\000o\000z\000n\000a\000w\000a\000n\000i\000a\000\040\000e\000m\000o\000c\000j\000i\000\040\000z\000\040\000g\001\102\000o\000s\000u}{chapter.3}% 9
\BOOKMARK [1][-]{section.3.2}{\376\377\000D\001\172\000w\000i\001\031\000k\000,\000\040\000p\000o\000d\000s\000t\000a\000w\000o\000w\000e\000\040\000d\000e\000f\000i\000n\000i\000c\000j\000e}{chapter.3}% 10
\BOOKMARK [1][-]{section.3.3}{\376\377\000D\000o\000b\000\363\000r\000\040\000c\000e\000c\000h\000\040\000d\001\172\000w\000i\001\031\000k\000u}{chapter.3}% 11
\BOOKMARK [1][-]{section.3.4}{\376\377\000E\000k\000s\000t\000r\000a\000k\000c\000j\000a\000\040\000c\000e\000c\000h}{chapter.3}% 12
\BOOKMARK [1][-]{section.3.5}{\376\377\000N\000o\000r\000m\000a\000l\000i\000z\000a\000c\000j\000a}{chapter.3}% 13
\BOOKMARK [1][-]{section.3.6}{\376\377\000K\000l\000a\000s\000y\000f\000i\000k\000a\000c\000j\000a}{chapter.3}% 14
\BOOKMARK [0][-]{chapter.4}{\376\377\000K\000\040\000n\000a\000j\000b\000l\000i\001\174\000s\000z\000y\000c\000h\000\040\000s\001\005\000s\000i\000a\000d\000\363\000w}{}% 15
\BOOKMARK [1][-]{section.4.1}{\376\377\000O\000p\000i\000s\000\040\000a\000l\000g\000o\000r\000y\000t\000m\000u}{chapter.4}% 16
\BOOKMARK [1][-]{section.4.2}{\376\377\000I\000m\000p\000l\000e\000m\000e\000n\000t\000a\000c\000j\000a}{chapter.4}% 17
\BOOKMARK [0][-]{chapter.5}{\376\377\000U\000k\000r\000y\000t\000e\000\040\000M\000o\000d\000e\000l\000e\000\040\000M\000a\000r\000k\000o\000w\000a}{}% 18
\BOOKMARK [1][-]{section.5.1}{\376\377\000O\000p\000i\000s\000\040\000m\000o\000d\000e\000l\000u}{chapter.5}% 19
\BOOKMARK [1][-]{section.5.2}{\376\377\000I\000m\000p\000l\000e\000m\000e\000n\000t\000a\000c\000j\000a}{chapter.5}% 20
\BOOKMARK [0][-]{chapter.6}{\376\377\000T\000e\000s\000t\000o\000w\000a\000n\000i\000a}{}% 21
\BOOKMARK [1][-]{section.6.1}{\376\377\000B\000a\000z\000a\000\040\000d\000a\000n\000y\000c\000h\000\040\000m\000o\000w\000y\000\040\000e\000m\000o\000c\000j\000o\000n\000a\000l\000n\000e\000j}{chapter.6}% 22
\BOOKMARK [1][-]{section.6.2}{\376\377\000W\000y\000n\000i\000k\000i}{chapter.6}% 23
\BOOKMARK [0][-]{chapter.7}{\376\377\000W\000n\000i\000o\000s\000k\000i\000\040\000i\000\040\000p\000o\000d\000s\000u\000m\000o\000w\000a\000n\000i\000e}{}% 24
\BOOKMARK [0][-]{chapter*.2}{\376\377\000B\000i\000b\000l\000i\000o\000g\000r\000a\000f\000i\000a}{}% 25
